
==========================================================================
global place report_tns
--------------------------------------------------------------------------
tns 0.00

==========================================================================
global place report_wns
--------------------------------------------------------------------------
wns 0.00

==========================================================================
global place report_worst_slack
--------------------------------------------------------------------------
worst slack 0.36

==========================================================================
global place report_checks -path_delay min
--------------------------------------------------------------------------
Startpoint: A[2] (input port clocked by core_clock)
Endpoint: A_equal (output port clocked by core_clock)
Path Group: core_clock
Path Type: min

Fanout     Cap    Slew   Delay    Time   Description
-----------------------------------------------------------------------------
                  0.00    0.00    0.00   clock core_clock (rise edge)
                          0.00    0.00   clock network delay (ideal)
                          0.60    0.60 ^ input external delay
     2    0.01    0.00    0.00    0.60 ^ A[2] (in)
                                         A[2] (net)
                  0.00    0.00    0.60 ^ _30_/B (sky130_fd_sc_hd__xnor2_1)
     1    0.00    0.03    0.04    0.64 v _30_/Y (sky130_fd_sc_hd__xnor2_1)
                                         _05_ (net)
                  0.03    0.00    0.64 v _34_/A (sky130_fd_sc_hd__nand4_1)
     2    0.01    0.08    0.08    0.72 ^ _34_/Y (sky130_fd_sc_hd__nand4_1)
                                         _09_ (net)
                  0.08    0.00    0.72 ^ _35_/B (sky130_fd_sc_hd__nor2_1)
     1    0.00    0.03    0.04    0.77 v _35_/Y (sky130_fd_sc_hd__nor2_1)
                                         A_equal (net)
                  0.03    0.00    0.77 v A_equal (out)
                                  0.77   data arrival time

                  0.00    0.00    0.00   clock core_clock (rise edge)
                          0.00    0.00   clock network delay (ideal)
                          0.00    0.00   clock reconvergence pessimism
                         -0.60   -0.60   output external delay
                                 -0.60   data required time
-----------------------------------------------------------------------------
                                 -0.60   data required time
                                 -0.77   data arrival time
-----------------------------------------------------------------------------
                                  1.37   slack (MET)



==========================================================================
global place report_checks -path_delay max
--------------------------------------------------------------------------
Startpoint: B[0] (input port clocked by core_clock)
Endpoint: A_less (output port clocked by core_clock)
Path Group: core_clock
Path Type: max

Fanout     Cap    Slew   Delay    Time   Description
-----------------------------------------------------------------------------
                  0.00    0.00    0.00   clock core_clock (rise edge)
                          0.00    0.00   clock network delay (ideal)
                          0.60    0.60 v input external delay
     2    0.01    0.00    0.00    0.60 v B[0] (in)
                                         B[0] (net)
                  0.00    0.00    0.60 v _40_/A_N (sky130_fd_sc_hd__nand2b_1)
     1    0.00    0.05    0.12    0.72 v _40_/Y (sky130_fd_sc_hd__nand2b_1)
                                         _14_ (net)
                  0.05    0.00    0.72 v _41_/C (sky130_fd_sc_hd__maj3_1)
     1    0.00    0.07    0.36    1.08 v _41_/X (sky130_fd_sc_hd__maj3_1)
                                         _15_ (net)
                  0.07    0.00    1.08 v _42_/C (sky130_fd_sc_hd__maj3_1)
     1    0.00    0.07    0.36    1.44 v _42_/X (sky130_fd_sc_hd__maj3_1)
                                         _16_ (net)
                  0.07    0.00    1.44 v _43_/C (sky130_fd_sc_hd__maj3_1)
     2    0.01    0.08    0.38    1.82 v _43_/X (sky130_fd_sc_hd__maj3_1)
                                         _17_ (net)
                  0.08    0.00    1.82 v _52_/A3 (sky130_fd_sc_hd__a31o_1)
     1    0.00    0.03    0.22    2.04 v _52_/X (sky130_fd_sc_hd__a31o_1)
                                         A_less (net)
                  0.03    0.00    2.04 v A_less (out)
                                  2.04   data arrival time

                  0.00    3.00    3.00   clock core_clock (rise edge)
                          0.00    3.00   clock network delay (ideal)
                          0.00    3.00   clock reconvergence pessimism
                         -0.60    2.40   output external delay
                                  2.40   data required time
-----------------------------------------------------------------------------
                                  2.40   data required time
                                 -2.04   data arrival time
-----------------------------------------------------------------------------
                                  0.36   slack (MET)



==========================================================================
global place report_checks -unconstrained
--------------------------------------------------------------------------
Startpoint: B[0] (input port clocked by core_clock)
Endpoint: A_less (output port clocked by core_clock)
Path Group: core_clock
Path Type: max

Fanout     Cap    Slew   Delay    Time   Description
-----------------------------------------------------------------------------
                  0.00    0.00    0.00   clock core_clock (rise edge)
                          0.00    0.00   clock network delay (ideal)
                          0.60    0.60 v input external delay
     2    0.01    0.00    0.00    0.60 v B[0] (in)
                                         B[0] (net)
                  0.00    0.00    0.60 v _40_/A_N (sky130_fd_sc_hd__nand2b_1)
     1    0.00    0.05    0.12    0.72 v _40_/Y (sky130_fd_sc_hd__nand2b_1)
                                         _14_ (net)
                  0.05    0.00    0.72 v _41_/C (sky130_fd_sc_hd__maj3_1)
     1    0.00    0.07    0.36    1.08 v _41_/X (sky130_fd_sc_hd__maj3_1)
                                         _15_ (net)
                  0.07    0.00    1.08 v _42_/C (sky130_fd_sc_hd__maj3_1)
     1    0.00    0.07    0.36    1.44 v _42_/X (sky130_fd_sc_hd__maj3_1)
                                         _16_ (net)
                  0.07    0.00    1.44 v _43_/C (sky130_fd_sc_hd__maj3_1)
     2    0.01    0.08    0.38    1.82 v _43_/X (sky130_fd_sc_hd__maj3_1)
                                         _17_ (net)
                  0.08    0.00    1.82 v _52_/A3 (sky130_fd_sc_hd__a31o_1)
     1    0.00    0.03    0.22    2.04 v _52_/X (sky130_fd_sc_hd__a31o_1)
                                         A_less (net)
                  0.03    0.00    2.04 v A_less (out)
                                  2.04   data arrival time

                  0.00    3.00    3.00   clock core_clock (rise edge)
                          0.00    3.00   clock network delay (ideal)
                          0.00    3.00   clock reconvergence pessimism
                         -0.60    2.40   output external delay
                                  2.40   data required time
-----------------------------------------------------------------------------
                                  2.40   data required time
                                 -2.04   data arrival time
-----------------------------------------------------------------------------
                                  0.36   slack (MET)



==========================================================================
global place report_power
--------------------------------------------------------------------------
Group                  Internal  Switching    Leakage      Total
                          Power      Power      Power      Power (Watts)
----------------------------------------------------------------
Sequential             0.00e+00   0.00e+00   0.00e+00   0.00e+00   0.0%
Combinational          1.53e-05   8.57e-06   8.11e-11   2.39e-05 100.0%
Clock                  0.00e+00   0.00e+00   0.00e+00   0.00e+00   0.0%
Macro                  0.00e+00   0.00e+00   0.00e+00   0.00e+00   0.0%
Pad                    0.00e+00   0.00e+00   0.00e+00   0.00e+00   0.0%
----------------------------------------------------------------
Total                  1.53e-05   8.57e-06   8.11e-11   2.39e-05 100.0%
                          64.2%      35.8%       0.0%
