
==========================================================================
cts final report_tns
--------------------------------------------------------------------------
tns 0.00

==========================================================================
cts final report_wns
--------------------------------------------------------------------------
wns 0.00

==========================================================================
cts final report_worst_slack
--------------------------------------------------------------------------
worst slack 0.17

==========================================================================
cts final report_clock_skew
--------------------------------------------------------------------------
Clock core_clock
No launch/capture paths found.


==========================================================================
cts final report_checks -path_delay min
--------------------------------------------------------------------------
Startpoint: A[2] (input port clocked by core_clock)
Endpoint: A_equal (output port clocked by core_clock)
Path Group: core_clock
Path Type: min

Fanout     Cap    Slew   Delay    Time   Description
-----------------------------------------------------------------------------
                  0.00    0.00    0.00   clock core_clock (rise edge)
                          0.00    0.00   clock network delay (ideal)
                          0.60    0.60 ^ input external delay
     1    0.00    0.00    0.00    0.60 ^ A[2] (in)
                                         A[2] (net)
                  0.00    0.00    0.60 ^ input3/A (sky130_fd_sc_hd__buf_1)
     2    0.01    0.11    0.11    0.71 ^ input3/X (sky130_fd_sc_hd__buf_1)
                                         net3 (net)
                  0.11    0.00    0.71 ^ _30_/B (sky130_fd_sc_hd__xnor2_1)
     1    0.00    0.04    0.08    0.79 v _30_/Y (sky130_fd_sc_hd__xnor2_1)
                                         _05_ (net)
                  0.04    0.00    0.79 v _34_/A (sky130_fd_sc_hd__nand4_1)
     2    0.01    0.08    0.09    0.87 ^ _34_/Y (sky130_fd_sc_hd__nand4_1)
                                         _09_ (net)
                  0.08    0.00    0.87 ^ _35_/B (sky130_fd_sc_hd__nor2_1)
     1    0.00    0.03    0.05    0.92 v _35_/Y (sky130_fd_sc_hd__nor2_1)
                                         net17 (net)
                  0.03    0.00    0.92 v output17/A (sky130_fd_sc_hd__buf_1)
     1    0.00    0.02    0.07    0.99 v output17/X (sky130_fd_sc_hd__buf_1)
                                         A_equal (net)
                  0.02    0.00    0.99 v A_equal (out)
                                  0.99   data arrival time

                  0.00    0.00    0.00   clock core_clock (rise edge)
                          0.00    0.00   clock network delay (ideal)
                          0.00    0.00   clock reconvergence pessimism
                         -0.60   -0.60   output external delay
                                 -0.60   data required time
-----------------------------------------------------------------------------
                                 -0.60   data required time
                                 -0.99   data arrival time
-----------------------------------------------------------------------------
                                  1.59   slack (MET)



==========================================================================
cts final report_checks -path_delay max
--------------------------------------------------------------------------
Startpoint: B[0] (input port clocked by core_clock)
Endpoint: A_less (output port clocked by core_clock)
Path Group: core_clock
Path Type: max

Fanout     Cap    Slew   Delay    Time   Description
-----------------------------------------------------------------------------
                  0.00    0.00    0.00   clock core_clock (rise edge)
                          0.00    0.00   clock network delay (ideal)
                          0.60    0.60 v input external delay
     1    0.00    0.00    0.00    0.60 v B[0] (in)
                                         B[0] (net)
                  0.00    0.00    0.60 v input9/A (sky130_fd_sc_hd__buf_1)
     2    0.01    0.05    0.09    0.69 v input9/X (sky130_fd_sc_hd__buf_1)
                                         net9 (net)
                  0.05    0.00    0.69 v _40_/A_N (sky130_fd_sc_hd__nand2b_1)
     1    0.00    0.05    0.14    0.83 v _40_/Y (sky130_fd_sc_hd__nand2b_1)
                                         _14_ (net)
                  0.05    0.00    0.83 v _41_/C (sky130_fd_sc_hd__maj3_1)
     1    0.00    0.07    0.36    1.19 v _41_/X (sky130_fd_sc_hd__maj3_1)
                                         _15_ (net)
                  0.07    0.00    1.19 v _42_/C (sky130_fd_sc_hd__maj3_1)
     1    0.00    0.07    0.36    1.55 v _42_/X (sky130_fd_sc_hd__maj3_1)
                                         _16_ (net)
                  0.07    0.00    1.55 v _43_/C (sky130_fd_sc_hd__maj3_1)
     2    0.01    0.08    0.38    1.93 v _43_/X (sky130_fd_sc_hd__maj3_1)
                                         _17_ (net)
                  0.08    0.00    1.93 v _52_/A3 (sky130_fd_sc_hd__a31o_1)
     1    0.00    0.04    0.23    2.16 v _52_/X (sky130_fd_sc_hd__a31o_1)
                                         net19 (net)
                  0.04    0.00    2.16 v output19/A (sky130_fd_sc_hd__buf_1)
     1    0.00    0.01    0.07    2.23 v output19/X (sky130_fd_sc_hd__buf_1)
                                         A_less (net)
                  0.01    0.00    2.23 v A_less (out)
                                  2.23   data arrival time

                  0.00    3.00    3.00   clock core_clock (rise edge)
                          0.00    3.00   clock network delay (ideal)
                          0.00    3.00   clock reconvergence pessimism
                         -0.60    2.40   output external delay
                                  2.40   data required time
-----------------------------------------------------------------------------
                                  2.40   data required time
                                 -2.23   data arrival time
-----------------------------------------------------------------------------
                                  0.17   slack (MET)



==========================================================================
cts final report_checks -unconstrained
--------------------------------------------------------------------------
Startpoint: B[0] (input port clocked by core_clock)
Endpoint: A_less (output port clocked by core_clock)
Path Group: core_clock
Path Type: max

Fanout     Cap    Slew   Delay    Time   Description
-----------------------------------------------------------------------------
                  0.00    0.00    0.00   clock core_clock (rise edge)
                          0.00    0.00   clock network delay (ideal)
                          0.60    0.60 v input external delay
     1    0.00    0.00    0.00    0.60 v B[0] (in)
                                         B[0] (net)
                  0.00    0.00    0.60 v input9/A (sky130_fd_sc_hd__buf_1)
     2    0.01    0.05    0.09    0.69 v input9/X (sky130_fd_sc_hd__buf_1)
                                         net9 (net)
                  0.05    0.00    0.69 v _40_/A_N (sky130_fd_sc_hd__nand2b_1)
     1    0.00    0.05    0.14    0.83 v _40_/Y (sky130_fd_sc_hd__nand2b_1)
                                         _14_ (net)
                  0.05    0.00    0.83 v _41_/C (sky130_fd_sc_hd__maj3_1)
     1    0.00    0.07    0.36    1.19 v _41_/X (sky130_fd_sc_hd__maj3_1)
                                         _15_ (net)
                  0.07    0.00    1.19 v _42_/C (sky130_fd_sc_hd__maj3_1)
     1    0.00    0.07    0.36    1.55 v _42_/X (sky130_fd_sc_hd__maj3_1)
                                         _16_ (net)
                  0.07    0.00    1.55 v _43_/C (sky130_fd_sc_hd__maj3_1)
     2    0.01    0.08    0.38    1.93 v _43_/X (sky130_fd_sc_hd__maj3_1)
                                         _17_ (net)
                  0.08    0.00    1.93 v _52_/A3 (sky130_fd_sc_hd__a31o_1)
     1    0.00    0.04    0.23    2.16 v _52_/X (sky130_fd_sc_hd__a31o_1)
                                         net19 (net)
                  0.04    0.00    2.16 v output19/A (sky130_fd_sc_hd__buf_1)
     1    0.00    0.01    0.07    2.23 v output19/X (sky130_fd_sc_hd__buf_1)
                                         A_less (net)
                  0.01    0.00    2.23 v A_less (out)
                                  2.23   data arrival time

                  0.00    3.00    3.00   clock core_clock (rise edge)
                          0.00    3.00   clock network delay (ideal)
                          0.00    3.00   clock reconvergence pessimism
                         -0.60    2.40   output external delay
                                  2.40   data required time
-----------------------------------------------------------------------------
                                  2.40   data required time
                                 -2.23   data arrival time
-----------------------------------------------------------------------------
                                  0.17   slack (MET)



==========================================================================
cts final report_check_types -max_slew -max_cap -max_fanout -violators
--------------------------------------------------------------------------

==========================================================================
cts final max_slew_check_slack
--------------------------------------------------------------------------
1.336971402168274

==========================================================================
cts final max_slew_check_limit
--------------------------------------------------------------------------
1.4892979860305786

==========================================================================
cts final max_slew_check_slack_limit
--------------------------------------------------------------------------
0.8977

==========================================================================
cts final max_fanout_check_slack
--------------------------------------------------------------------------
1.0000000150474662e+30

==========================================================================
cts final max_fanout_check_limit
--------------------------------------------------------------------------
1.0000000150474662e+30

==========================================================================
cts final max_capacitance_check_slack
--------------------------------------------------------------------------
0.06485776603221893

==========================================================================
cts final max_capacitance_check_limit
--------------------------------------------------------------------------
0.0695900022983551

==========================================================================
cts final max_capacitance_check_slack_limit
--------------------------------------------------------------------------
0.9320

==========================================================================
cts final max_slew_violation_count
--------------------------------------------------------------------------
max slew violation count 0

==========================================================================
cts final max_fanout_violation_count
--------------------------------------------------------------------------
max fanout violation count 0

==========================================================================
cts final max_cap_violation_count
--------------------------------------------------------------------------
max cap violation count 0

==========================================================================
cts final setup_violation_count
--------------------------------------------------------------------------
setup violation count 0

==========================================================================
cts final hold_violation_count
--------------------------------------------------------------------------
hold violation count 0

==========================================================================
cts final critical path delay
--------------------------------------------------------------------------
2.2294

==========================================================================
cts final critical path slack
--------------------------------------------------------------------------
0.1706

==========================================================================
cts final slack div critical path delay
--------------------------------------------------------------------------
7.652283

==========================================================================
cts final report_power
--------------------------------------------------------------------------
Group                  Internal  Switching    Leakage      Total
                          Power      Power      Power      Power (Watts)
----------------------------------------------------------------
Sequential             0.00e+00   0.00e+00   0.00e+00   0.00e+00   0.0%
Combinational          2.04e-05   1.68e-05   1.04e-10   3.72e-05 100.0%
Clock                  0.00e+00   0.00e+00   0.00e+00   0.00e+00   0.0%
Macro                  0.00e+00   0.00e+00   0.00e+00   0.00e+00   0.0%
Pad                    0.00e+00   0.00e+00   0.00e+00   0.00e+00   0.0%
----------------------------------------------------------------
Total                  2.04e-05   1.68e-05   1.04e-10   3.72e-05 100.0%
                          54.8%      45.2%       0.0%
