
==========================================================================
finish report_tns
--------------------------------------------------------------------------
tns 0.00

==========================================================================
finish report_wns
--------------------------------------------------------------------------
wns 0.00

==========================================================================
finish report_worst_slack
--------------------------------------------------------------------------
worst slack 0.18

==========================================================================
finish report_clock_skew
--------------------------------------------------------------------------
Clock core_clock
No launch/capture paths found.


==========================================================================
finish report_checks -path_delay min
--------------------------------------------------------------------------
Startpoint: A[2] (input port clocked by core_clock)
Endpoint: A_equal (output port clocked by core_clock)
Path Group: core_clock
Path Type: min

Fanout     Cap    Slew   Delay    Time   Description
-----------------------------------------------------------------------------
                  0.00    0.00    0.00   clock core_clock (rise edge)
                          0.00    0.00   clock network delay (ideal)
                          0.60    0.60 ^ input external delay
     1    0.00    0.00    0.00    0.60 ^ A[2] (in)
                                         A[2] (net)
                  0.00    0.00    0.60 ^ input3/A (sky130_fd_sc_hd__buf_1)
     2    0.01    0.10    0.11    0.71 ^ input3/X (sky130_fd_sc_hd__buf_1)
                                         net3 (net)
                  0.10    0.00    0.71 ^ _30_/B (sky130_fd_sc_hd__xnor2_1)
     1    0.00    0.04    0.07    0.78 v _30_/Y (sky130_fd_sc_hd__xnor2_1)
                                         _05_ (net)
                  0.04    0.00    0.78 v _34_/A (sky130_fd_sc_hd__nand4_1)
     2    0.01    0.08    0.08    0.86 ^ _34_/Y (sky130_fd_sc_hd__nand4_1)
                                         _09_ (net)
                  0.08    0.00    0.86 ^ _35_/B (sky130_fd_sc_hd__nor2_1)
     1    0.00    0.03    0.05    0.91 v _35_/Y (sky130_fd_sc_hd__nor2_1)
                                         net17 (net)
                  0.03    0.00    0.91 v output17/A (sky130_fd_sc_hd__buf_1)
     1    0.00    0.02    0.07    0.98 v output17/X (sky130_fd_sc_hd__buf_1)
                                         A_equal (net)
                  0.02    0.00    0.98 v A_equal (out)
                                  0.98   data arrival time

                  0.00    0.00    0.00   clock core_clock (rise edge)
                          0.00    0.00   clock network delay (ideal)
                          0.00    0.00   clock reconvergence pessimism
                         -0.60   -0.60   output external delay
                                 -0.60   data required time
-----------------------------------------------------------------------------
                                 -0.60   data required time
                                 -0.98   data arrival time
-----------------------------------------------------------------------------
                                  1.58   slack (MET)



==========================================================================
finish report_checks -path_delay max
--------------------------------------------------------------------------
Startpoint: B[0] (input port clocked by core_clock)
Endpoint: A_less (output port clocked by core_clock)
Path Group: core_clock
Path Type: max

Fanout     Cap    Slew   Delay    Time   Description
-----------------------------------------------------------------------------
                  0.00    0.00    0.00   clock core_clock (rise edge)
                          0.00    0.00   clock network delay (ideal)
                          0.60    0.60 v input external delay
     1    0.00    0.00    0.00    0.60 v B[0] (in)
                                         B[0] (net)
                  0.00    0.00    0.60 v input9/A (sky130_fd_sc_hd__buf_1)
     2    0.01    0.05    0.09    0.69 v input9/X (sky130_fd_sc_hd__buf_1)
                                         net9 (net)
                  0.05    0.00    0.69 v _40_/A_N (sky130_fd_sc_hd__nand2b_1)
     1    0.00    0.04    0.14    0.83 v _40_/Y (sky130_fd_sc_hd__nand2b_1)
                                         _14_ (net)
                  0.04    0.00    0.83 v _41_/C (sky130_fd_sc_hd__maj3_1)
     1    0.00    0.07    0.35    1.18 v _41_/X (sky130_fd_sc_hd__maj3_1)
                                         _15_ (net)
                  0.07    0.00    1.18 v _42_/C (sky130_fd_sc_hd__maj3_1)
     1    0.00    0.07    0.36    1.54 v _42_/X (sky130_fd_sc_hd__maj3_1)
                                         _16_ (net)
                  0.07    0.00    1.54 v _43_/C (sky130_fd_sc_hd__maj3_1)
     2    0.01    0.08    0.38    1.92 v _43_/X (sky130_fd_sc_hd__maj3_1)
                                         _17_ (net)
                  0.08    0.00    1.92 v _52_/A3 (sky130_fd_sc_hd__a31o_1)
     1    0.00    0.04    0.23    2.15 v _52_/X (sky130_fd_sc_hd__a31o_1)
                                         net19 (net)
                  0.04    0.00    2.15 v output19/A (sky130_fd_sc_hd__buf_1)
     1    0.00    0.01    0.07    2.22 v output19/X (sky130_fd_sc_hd__buf_1)
                                         A_less (net)
                  0.01    0.00    2.22 v A_less (out)
                                  2.22   data arrival time

                  0.00    3.00    3.00   clock core_clock (rise edge)
                          0.00    3.00   clock network delay (ideal)
                          0.00    3.00   clock reconvergence pessimism
                         -0.60    2.40   output external delay
                                  2.40   data required time
-----------------------------------------------------------------------------
                                  2.40   data required time
                                 -2.22   data arrival time
-----------------------------------------------------------------------------
                                  0.18   slack (MET)



==========================================================================
finish report_checks -unconstrained
--------------------------------------------------------------------------
Startpoint: B[0] (input port clocked by core_clock)
Endpoint: A_less (output port clocked by core_clock)
Path Group: core_clock
Path Type: max

Fanout     Cap    Slew   Delay    Time   Description
-----------------------------------------------------------------------------
                  0.00    0.00    0.00   clock core_clock (rise edge)
                          0.00    0.00   clock network delay (ideal)
                          0.60    0.60 v input external delay
     1    0.00    0.00    0.00    0.60 v B[0] (in)
                                         B[0] (net)
                  0.00    0.00    0.60 v input9/A (sky130_fd_sc_hd__buf_1)
     2    0.01    0.05    0.09    0.69 v input9/X (sky130_fd_sc_hd__buf_1)
                                         net9 (net)
                  0.05    0.00    0.69 v _40_/A_N (sky130_fd_sc_hd__nand2b_1)
     1    0.00    0.04    0.14    0.83 v _40_/Y (sky130_fd_sc_hd__nand2b_1)
                                         _14_ (net)
                  0.04    0.00    0.83 v _41_/C (sky130_fd_sc_hd__maj3_1)
     1    0.00    0.07    0.35    1.18 v _41_/X (sky130_fd_sc_hd__maj3_1)
                                         _15_ (net)
                  0.07    0.00    1.18 v _42_/C (sky130_fd_sc_hd__maj3_1)
     1    0.00    0.07    0.36    1.54 v _42_/X (sky130_fd_sc_hd__maj3_1)
                                         _16_ (net)
                  0.07    0.00    1.54 v _43_/C (sky130_fd_sc_hd__maj3_1)
     2    0.01    0.08    0.38    1.92 v _43_/X (sky130_fd_sc_hd__maj3_1)
                                         _17_ (net)
                  0.08    0.00    1.92 v _52_/A3 (sky130_fd_sc_hd__a31o_1)
     1    0.00    0.04    0.23    2.15 v _52_/X (sky130_fd_sc_hd__a31o_1)
                                         net19 (net)
                  0.04    0.00    2.15 v output19/A (sky130_fd_sc_hd__buf_1)
     1    0.00    0.01    0.07    2.22 v output19/X (sky130_fd_sc_hd__buf_1)
                                         A_less (net)
                  0.01    0.00    2.22 v A_less (out)
                                  2.22   data arrival time

                  0.00    3.00    3.00   clock core_clock (rise edge)
                          0.00    3.00   clock network delay (ideal)
                          0.00    3.00   clock reconvergence pessimism
                         -0.60    2.40   output external delay
                                  2.40   data required time
-----------------------------------------------------------------------------
                                  2.40   data required time
                                 -2.22   data arrival time
-----------------------------------------------------------------------------
                                  0.18   slack (MET)



==========================================================================
finish report_check_types -max_slew -max_cap -max_fanout -violators
--------------------------------------------------------------------------

==========================================================================
finish max_slew_check_slack
--------------------------------------------------------------------------
1.3489887714385986

==========================================================================
finish max_slew_check_limit
--------------------------------------------------------------------------
1.4892979860305786

==========================================================================
finish max_slew_check_slack_limit
--------------------------------------------------------------------------
0.9058

==========================================================================
finish max_fanout_check_slack
--------------------------------------------------------------------------
1.0000000150474662e+30

==========================================================================
finish max_fanout_check_limit
--------------------------------------------------------------------------
1.0000000150474662e+30

==========================================================================
finish max_capacitance_check_slack
--------------------------------------------------------------------------
0.06549106538295746

==========================================================================
finish max_capacitance_check_limit
--------------------------------------------------------------------------
0.0695900022983551

==========================================================================
finish max_capacitance_check_slack_limit
--------------------------------------------------------------------------
0.9411

==========================================================================
finish max_slew_violation_count
--------------------------------------------------------------------------
max slew violation count 0

==========================================================================
finish max_fanout_violation_count
--------------------------------------------------------------------------
max fanout violation count 0

==========================================================================
finish max_cap_violation_count
--------------------------------------------------------------------------
max cap violation count 0

==========================================================================
finish setup_violation_count
--------------------------------------------------------------------------
setup violation count 0

==========================================================================
finish hold_violation_count
--------------------------------------------------------------------------
hold violation count 0

==========================================================================
finish critical path delay
--------------------------------------------------------------------------
2.2231

==========================================================================
finish critical path slack
--------------------------------------------------------------------------
0.1769

==========================================================================
finish slack div critical path delay
--------------------------------------------------------------------------
7.957357

==========================================================================
finish report_power
--------------------------------------------------------------------------
Group                  Internal  Switching    Leakage      Total
                          Power      Power      Power      Power (Watts)
----------------------------------------------------------------
Sequential             0.00e+00   0.00e+00   0.00e+00   0.00e+00   0.0%
Combinational          2.04e-05   1.61e-05   1.04e-10   3.65e-05 100.0%
Clock                  0.00e+00   0.00e+00   0.00e+00   0.00e+00   0.0%
Macro                  0.00e+00   0.00e+00   0.00e+00   0.00e+00   0.0%
Pad                    0.00e+00   0.00e+00   0.00e+00   0.00e+00   0.0%
----------------------------------------------------------------
Total                  2.04e-05   1.61e-05   1.04e-10   3.65e-05 100.0%
                          55.9%      44.1%       0.0%
